TN:
SF:components\TheControlPanel.vue
FN:42,(anonymous_1)
FN:59,(anonymous_2)
FN:60,(anonymous_3)
FN:66,(anonymous_4)
FN:67,(anonymous_5)
FNF:5
FNH:3
FNDA:4,(anonymous_1)
FNDA:0,(anonymous_2)
FNDA:0,(anonymous_3)
FNDA:1,(anonymous_4)
FNDA:2,(anonymous_5)
DA:39,1
DA:43,4
DA:60,0
DA:61,0
DA:67,3
DA:68,1
DA:69,1
LF:7
LH:5
BRF:0
BRH:0
end_of_record
TN:
SF:components\TheHeader.vue
FN:25,(anonymous_1)
FN:31,(anonymous_2)
FN:34,(anonymous_3)
FNF:3
FNH:3
FNDA:4,(anonymous_1)
FNDA:1,(anonymous_2)
FNDA:1,(anonymous_3)
DA:26,4
DA:32,1
DA:35,1
LF:3
LH:3
BRF:0
BRH:0
end_of_record
TN:
SF:components\TheNewsCover.vue
FN:32,(anonymous_1)
FN:37,(anonymous_2)
FN:41,(anonymous_3)
FN:44,(anonymous_4)
FN:47,(anonymous_5)
FN:53,(anonymous_6)
FN:63,(anonymous_7)
FN:72,(anonymous_8)
FN:94,(anonymous_9)
FNF:9
FNH:0
FNDA:0,(anonymous_1)
FNDA:0,(anonymous_2)
FNDA:0,(anonymous_3)
FNDA:0,(anonymous_4)
FNDA:0,(anonymous_5)
FNDA:0,(anonymous_6)
FNDA:0,(anonymous_7)
FNDA:0,(anonymous_8)
FNDA:0,(anonymous_9)
DA:33,0
DA:38,0
DA:42,0
DA:45,0
DA:48,0
DA:54,0
DA:55,0
DA:56,0
DA:64,0
DA:65,0
DA:75,0
DA:76,0
DA:77,0
DA:79,0
DA:81,0
DA:83,0
DA:84,0
DA:86,0
DA:88,0
DA:95,0
DA:96,0
DA:98,0
LF:22
LH:0
BRDA:75,0,0,0
BRDA:75,0,1,0
BRDA:76,1,0,0
BRDA:76,1,1,0
BRDA:76,2,0,0
BRDA:76,2,1,0
BRDA:83,3,0,0
BRDA:83,3,1,0
BRDA:95,4,0,0
BRDA:95,4,1,0
BRF:10
BRH:0
end_of_record
TN:
SF:components\TheNewsItem.vue
FN:40,(anonymous_1)
FN:46,(anonymous_2)
FN:50,(anonymous_3)
FN:56,(anonymous_4)
FN:61,(anonymous_5)
FNF:5
FNH:0
FNDA:0,(anonymous_1)
FNDA:0,(anonymous_2)
FNDA:0,(anonymous_3)
FNDA:0,(anonymous_4)
FNDA:0,(anonymous_5)
DA:28,0
DA:41,0
DA:47,0
DA:51,0
DA:57,0
DA:62,0
LF:6
LH:0
BRF:0
BRH:0
end_of_record
TN:
SF:components\TheToast.vue
FN:13,(anonymous_1)
FN:16,(anonymous_2)
FNF:2
FNH:2
FNDA:2,(anonymous_1)
FNDA:2,(anonymous_2)
DA:14,2
DA:17,2
LF:2
LH:2
BRF:0
BRH:0
end_of_record
TN:
SF:pages\_index.vue
FN:14,(anonymous_1)
FNF:1
FNH:0
FNDA:0,(anonymous_1)
DA:15,0
LF:1
LH:0
BRF:0
BRH:0
end_of_record
TN:
SF:pages\lenta\_index.vue
FN:14,(anonymous_1)
FNF:1
FNH:0
FNDA:0,(anonymous_1)
DA:15,0
LF:1
LH:0
BRF:0
BRH:0
end_of_record
TN:
SF:pages\meduza\_index.vue
FN:14,(anonymous_1)
FNF:1
FNH:0
FNDA:0,(anonymous_1)
DA:15,0
LF:1
LH:0
BRF:0
BRH:0
end_of_record
